2019-09-03 10:26:19.946  INFO 8191 --- [main] c.r.SpringMvcRoutePlannerApplication     : Starting SpringMvcRoutePlannerApplication on CIC00290.local with PID 8191 (/Users/paulbickell/Documents/JavaWorkspace1/ReadOnlySpringMvcRoutePlanner/target/classes started by paulbickell in /Users/paulbickell/Documents/JavaWorkspace1/ReadOnlySpringMvcRoutePlanner)
2019-09-03 10:26:19.954  INFO 8191 --- [main] c.r.SpringMvcRoutePlannerApplication     : No active profile set, falling back to default profiles: default
2019-09-03 10:26:20.574  INFO 8191 --- [main] .s.d.r.c.RepositoryConfigurationDelegate : Bootstrapping Spring Data repositories in DEFAULT mode.
2019-09-03 10:26:20.675  INFO 8191 --- [main] .s.d.r.c.RepositoryConfigurationDelegate : Finished Spring Data repository scanning in 90ms. Found 11 repository interfaces.
2019-09-03 10:26:21.060  INFO 8191 --- [main] trationDelegate$BeanPostProcessorChecker : Bean 'org.springframework.transaction.annotation.ProxyTransactionManagementConfiguration' of type [org.springframework.transaction.annotation.ProxyTransactionManagementConfiguration$$EnhancerBySpringCGLIB$$637e82be] is not eligible for getting processed by all BeanPostProcessors (for example: not eligible for auto-proxying)
2019-09-03 10:26:21.435  INFO 8191 --- [main] o.s.b.w.embedded.tomcat.TomcatWebServer  : Tomcat initialized with port(s): 8080 (http)
2019-09-03 10:26:21.468  INFO 8191 --- [main] o.apache.catalina.core.StandardService   : Starting service [Tomcat]
2019-09-03 10:26:21.468  INFO 8191 --- [main] org.apache.catalina.core.StandardEngine  : Starting Servlet engine: [Apache Tomcat/9.0.17]
2019-09-03 10:26:21.547  INFO 8191 --- [main] o.a.c.c.C.[Tomcat].[localhost].[/]       : Initializing Spring embedded WebApplicationContext
2019-09-03 10:26:21.547  INFO 8191 --- [main] o.s.web.context.ContextLoader            : Root WebApplicationContext: initialization completed in 1557 ms
2019-09-03 10:26:21.715  INFO 8191 --- [main] com.zaxxer.hikari.HikariDataSource       : HikariPool-1 - Starting...
2019-09-03 10:26:22.046  INFO 8191 --- [main] com.zaxxer.hikari.HikariDataSource       : HikariPool-1 - Start completed.
2019-09-03 10:26:22.105  INFO 8191 --- [main] o.hibernate.jpa.internal.util.LogHelper  : HHH000204: Processing PersistenceUnitInfo [
	name: default
	...]
2019-09-03 10:26:22.201  INFO 8191 --- [main] org.hibernate.Version                    : HHH000412: Hibernate Core {5.3.9.Final}
2019-09-03 10:26:22.202  INFO 8191 --- [main] org.hibernate.cfg.Environment            : HHH000206: hibernate.properties not found
2019-09-03 10:26:22.400  INFO 8191 --- [main] o.hibernate.annotations.common.Version   : HCANN000001: Hibernate Commons Annotations {5.0.4.Final}
2019-09-03 10:26:22.575  INFO 8191 --- [main] org.hibernate.dialect.Dialect            : HHH000400: Using dialect: org.hibernate.dialect.MySQL5Dialect
2019-09-03 10:26:22.759  WARN 8191 --- [main] org.hibernate.cfg.AnnotationBinder       : HHH000139: Illegal use of @Table in a subclass of a SINGLE_TABLE hierarchy: com.routeplanner.shopping.RegistrationDetails
2019-09-03 10:26:23.805  INFO 8191 --- [main] o.h.t.schema.internal.SchemaCreatorImpl  : HHH000476: Executing import script 'ScriptSourceInputFromUrl(file:/Users/paulbickell/Documents/JavaWorkspace1/ReadOnlySpringMvcRoutePlanner/target/classes/data.sql)'
2019-09-03 10:26:23.813  INFO 8191 --- [main] j.LocalContainerEntityManagerFactoryBean : Initialized JPA EntityManagerFactory for persistence unit 'default'
2019-09-03 10:26:24.138  INFO 8191 --- [main] o.h.h.i.QueryTranslatorFactoryInitiator  : HHH000397: Using ASTQueryTranslatorFactory
2019-09-03 10:26:24.630  INFO 8191 --- [main] o.s.s.concurrent.ThreadPoolTaskExecutor  : Initializing ExecutorService 'applicationTaskExecutor'
2019-09-03 10:26:24.682  WARN 8191 --- [main] aWebConfiguration$JpaWebMvcConfiguration : spring.jpa.open-in-view is enabled by default. Therefore, database queries may be performed during view rendering. Explicitly configure spring.jpa.open-in-view to disable this warning
2019-09-03 10:26:24.933  INFO 8191 --- [main] o.s.b.w.embedded.tomcat.TomcatWebServer  : Tomcat started on port(s): 8080 (http) with context path ''
2019-09-03 10:26:24.937  INFO 8191 --- [main] c.r.SpringMvcRoutePlannerApplication     : Started SpringMvcRoutePlannerApplication in 5.625 seconds (JVM running for 8.687)
2019-09-03 10:26:52.088  INFO 8191 --- [http-nio-8080-exec-1] o.a.c.c.C.[Tomcat].[localhost].[/]       : Initializing Spring DispatcherServlet 'dispatcherServlet'
2019-09-03 10:26:52.088  INFO 8191 --- [http-nio-8080-exec-1] o.s.web.servlet.DispatcherServlet        : Initializing Servlet 'dispatcherServlet'
2019-09-03 10:26:52.096  INFO 8191 --- [http-nio-8080-exec-1] o.s.web.servlet.DispatcherServlet        : Completed initialization in 8 ms
2019-09-03 10:26:52.133  INFO 8191 --- [http-nio-8080-exec-1] com.routeplanner.ctrl.LoginController    : logging from tomcat with slf4j - current location: /Users/paulbickell/Documents/JavaWorkspace1/ReadOnlySpringMvcRoutePlanner
2019-09-03 10:26:52.133  INFO 8191 --- [http-nio-8080-exec-1] com.routeplanner.ctrl.LoginController    : in the get request for login
2019-09-03 10:26:52.134  INFO 8191 --- [http-nio-8080-exec-1] com.routeplanner.ctrl.LoginController    : check new user role is user: role.level.user
2019-09-03 10:26:52.135  INFO 8191 --- [http-nio-8080-exec-1] com.routeplanner.ctrl.LoginController    : working with database:  Some database name input
2019-09-03 10:27:13.839  INFO 8191 --- [http-nio-8080-exec-5] com.routeplanner.ctrl.LoginController    : Dealing with login request
2019-09-03 10:27:13.840  INFO 8191 --- [http-nio-8080-exec-5] com.routeplanner.ctrl.LoginController    : Attempting to retrieve user 'paul.home47@gmail.com' from database
2019-09-03 10:27:13.918  INFO 8191 --- [http-nio-8080-exec-5] com.routeplanner.ctrl.LoginController    : User not found: Username not found
2019-09-03 10:29:51.920  INFO 8191 --- [http-nio-8080-exec-9] com.routeplanner.ctrl.LoginController    : Dealing with login request
2019-09-03 10:29:51.920  INFO 8191 --- [http-nio-8080-exec-9] com.routeplanner.ctrl.LoginController    : Attempting to retrieve user 'root' from database
2019-09-03 10:29:51.925  INFO 8191 --- [http-nio-8080-exec-9] com.routeplanner.ctrl.LoginController    : User not found: Username not found
2019-09-03 10:43:04.884  INFO 8191 --- [http-nio-8080-exec-2] com.routeplanner.ctrl.LoginController    : Dealing with login request
2019-09-03 10:43:04.885  INFO 8191 --- [http-nio-8080-exec-2] com.routeplanner.ctrl.LoginController    : Attempting to retrieve user 'Paul' from database
2019-09-03 10:43:04.890  INFO 8191 --- [http-nio-8080-exec-2] com.routeplanner.ctrl.LoginController    : User not found: Username not found
2019-09-03 10:45:24.929  INFO 8191 --- [http-nio-8080-exec-5] com.routeplanner.ctrl.LoginController    : Dealing with login request
2019-09-03 10:45:24.929  INFO 8191 --- [http-nio-8080-exec-5] com.routeplanner.ctrl.LoginController    : Attempting to retrieve user 'Smith' from database
2019-09-03 10:45:24.936  INFO 8191 --- [http-nio-8080-exec-5] com.routeplanner.ctrl.LoginController    : User not found: Username not found
2019-09-03 10:45:49.117  INFO 8191 --- [http-nio-8080-exec-7] com.routeplanner.ctrl.LoginController    : Dealing with login request
2019-09-03 10:45:49.117  INFO 8191 --- [http-nio-8080-exec-7] com.routeplanner.ctrl.LoginController    : Attempting to retrieve user 'home.paul47@gmail.com' from database
2019-09-03 10:45:49.123  INFO 8191 --- [http-nio-8080-exec-7] com.routeplanner.ctrl.LoginController    : User not found: Username not found
2019-09-03 10:52:53.262  INFO 8191 --- [http-nio-8080-exec-10] com.routeplanner.ctrl.LoginController    : Dealing with login request
2019-09-03 10:52:53.262  INFO 8191 --- [http-nio-8080-exec-10] com.routeplanner.ctrl.LoginController    : Attempting to retrieve user 'Paul' from database
2019-09-03 10:52:53.319  INFO 8191 --- [http-nio-8080-exec-10] com.routeplanner.ctrl.LoginController    : user has been retrieved successfully from db
2019-09-03 10:52:53.320  INFO 8191 --- [http-nio-8080-exec-10] com.routeplanner.ctrl.LoginController    : User found in database with username = 'Paul', and role 'role.level.admin'
2019-09-03 10:53:02.430  INFO 8191 --- [http-nio-8080-exec-1] com.routeplanner.ctrl.QueryController    : Finding requested travel info. Start: Archway  Destination: Blackhorse Road
2019-09-03 10:53:02.436  INFO 8191 --- [http-nio-8080-exec-1] com.routeplanner.engine.RoutePlanner     : Route Planner has been set up successfully......
2019-09-03 10:53:02.438  INFO 8191 --- [http-nio-8080-exec-1] c.r.client.service.TravelInfoService     : Journey Display:  
Start  Archway
End    Blackhorse Road
From Archway take the Northern to King's Cross St. Pancras for 5 stops.
From King's Cross St. Pancras take the Victoria to Blackhorse Road for 5 stops.
Changes = 1
Total stops = 10


Start  Archway
End    Blackhorse Road
From Archway take the Northern to Euston for 4 stops.
From Euston take the Victoria to Blackhorse Road for 6 stops.
Changes = 1
Total stops = 10


2019-09-03 10:53:02.438  INFO 8191 --- [http-nio-8080-exec-1] com.routeplanner.ctrl.QueryController    : current query route info: 
Start  Archway
End    Blackhorse Road
From Archway take the Northern to King's Cross St. Pancras for 5 stops.
From King's Cross St. Pancras take the Victoria to Blackhorse Road for 5 stops.
Changes = 1
Total stops = 10


Start  Archway
End    Blackhorse Road
From Archway take the Northern to Euston for 4 stops.
From Euston take the Victoria to Blackhorse Road for 6 stops.
Changes = 1
Total stops = 10


2019-09-03 10:53:07.789  INFO 8191 --- [http-nio-8080-exec-3] com.routeplanner.ctrl.QueryController    : Finding requested travel info. Start: Archway  Destination: Chiswick Park
2019-09-03 10:53:07.790  INFO 8191 --- [http-nio-8080-exec-3] com.routeplanner.engine.RoutePlanner     : Route Planner has been set up successfully......
2019-09-03 10:53:07.793  INFO 8191 --- [http-nio-8080-exec-3] c.r.client.service.TravelInfoService     : Journey Display:  
Start  Archway
End    Chiswick Park
From Archway take the Northern to Warren Street for 5 stops.
From Warren Street take the Victoria to Green Park for 2 stops.
From Green Park take the Piccadilly to Turnham Green for 8 stops.
From Turnham Green take the District to Chiswick Park for 1 stop.
Changes = 3
Total stops = 16


Start  Archway
End    Chiswick Park
From Archway take the Northern to Euston for 4 stops.
From Euston take the Victoria to Green Park for 3 stops.
From Green Park take the Piccadilly to Turnham Green for 8 stops.
From Turnham Green take the District to Chiswick Park for 1 stop.
Changes = 3
Total stops = 16


2019-09-03 10:53:07.794  INFO 8191 --- [http-nio-8080-exec-3] com.routeplanner.ctrl.QueryController    : current query route info: 
Start  Archway
End    Chiswick Park
From Archway take the Northern to Warren Street for 5 stops.
From Warren Street take the Victoria to Green Park for 2 stops.
From Green Park take the Piccadilly to Turnham Green for 8 stops.
From Turnham Green take the District to Chiswick Park for 1 stop.
Changes = 3
Total stops = 16


Start  Archway
End    Chiswick Park
From Archway take the Northern to Euston for 4 stops.
From Euston take the Victoria to Green Park for 3 stops.
From Green Park take the Piccadilly to Turnham Green for 8 stops.
From Turnham Green take the District to Chiswick Park for 1 stop.
Changes = 3
Total stops = 16


2019-09-03 10:53:14.302  INFO 8191 --- [http-nio-8080-exec-4] com.routeplanner.ctrl.QueryController    : Finding requested travel info. Start: Archway  Destination: Gloucester Road
2019-09-03 10:53:14.303  INFO 8191 --- [http-nio-8080-exec-4] com.routeplanner.engine.RoutePlanner     : Route Planner has been set up successfully......
2019-09-03 10:53:14.304  INFO 8191 --- [http-nio-8080-exec-4] c.r.client.service.TravelInfoService     : Journey Display:  
Start  Archway
End    Gloucester Road
From Archway take the Northern to Warren Street for 5 stops.
From Warren Street take the Victoria to Victoria for 3 stops.
From Victoria take the District to Gloucester Road for 3 stops.
Changes = 2
Total stops = 11


Start  Archway
End    Gloucester Road
From Archway take the Northern to Euston for 4 stops.
From Euston take the Victoria to Victoria for 4 stops.
From Victoria take the District to Gloucester Road for 3 stops.
Changes = 2
Total stops = 11


Start  Archway
End    Gloucester Road
From Archway take the Northern to Warren Street for 5 stops.
From Warren Street take the Victoria to Green Park for 2 stops.
From Green Park take the Piccadilly to Gloucester Road for 4 stops.
Changes = 2
Total stops = 11


Start  Archway
End    Gloucester Road
From Archway take the Northern to Euston for 4 stops.
From Euston take the Victoria to Green Park for 3 stops.
From Green Park take the Piccadilly to Gloucester Road for 4 stops.
Changes = 2
Total stops = 11


Start  Archway
End    Gloucester Road
From Archway take the Northern to Warren Street for 5 stops.
From Warren Street take the Victoria to Victoria for 3 stops.
From Victoria take the Circle to Gloucester Road for 3 stops.
Changes = 2
Total stops = 11


Start  Archway
End    Gloucester Road
From Archway take the Northern to Euston for 4 stops.
From Euston take the Victoria to Victoria for 4 stops.
From Victoria take the Circle to Gloucester Road for 3 stops.
Changes = 2
Total stops = 11


2019-09-03 10:53:14.304  INFO 8191 --- [http-nio-8080-exec-4] com.routeplanner.ctrl.QueryController    : current query route info: 
Start  Archway
End    Gloucester Road
From Archway take the Northern to Warren Street for 5 stops.
From Warren Street take the Victoria to Victoria for 3 stops.
From Victoria take the District to Gloucester Road for 3 stops.
Changes = 2
Total stops = 11


Start  Archway
End    Gloucester Road
From Archway take the Northern to Euston for 4 stops.
From Euston take the Victoria to Victoria for 4 stops.
From Victoria take the District to Gloucester Road for 3 stops.
Changes = 2
Total stops = 11


Start  Archway
End    Gloucester Road
From Archway take the Northern to Warren Street for 5 stops.
From Warren Street take the Victoria to Green Park for 2 stops.
From Green Park take the Piccadilly to Gloucester Road for 4 stops.
Changes = 2
Total stops = 11


Start  Archway
End    Gloucester Road
From Archway take the Northern to Euston for 4 stops.
From Euston take the Victoria to Green Park for 3 stops.
From Green Park take the Piccadilly to Gloucester Road for 4 stops.
Changes = 2
Total stops = 11


Start  Archway
End    Gloucester Road
From Archway take the Northern to Warren Street for 5 stops.
From Warren Street take the Victoria to Victoria for 3 stops.
From Victoria take the Circle to Gloucester Road for 3 stops.
Changes = 2
Total stops = 11


Start  Archway
End    Gloucester Road
From Archway take the Northern to Euston for 4 stops.
From Euston take the Victoria to Victoria for 4 stops.
From Victoria take the Circle to Gloucester Road for 3 stops.
Changes = 2
Total stops = 11


2019-09-03 10:53:20.508 ERROR 8191 --- [http-nio-8080-exec-6] org.thymeleaf.TemplateEngine             : [THYMELEAF][http-nio-8080-exec-6] Exception processing template "purchase_history": Error resolving template [purchase_history], template might not exist or might not be accessible by any of the configured Template Resolvers

org.thymeleaf.exceptions.TemplateInputException: Error resolving template [purchase_history], template might not exist or might not be accessible by any of the configured Template Resolvers
	at org.thymeleaf.engine.TemplateManager.resolveTemplate(TemplateManager.java:869)
	at org.thymeleaf.engine.TemplateManager.parseAndProcess(TemplateManager.java:607)
	at org.thymeleaf.TemplateEngine.process(TemplateEngine.java:1098)
	at org.thymeleaf.TemplateEngine.process(TemplateEngine.java:1072)
	at org.thymeleaf.spring5.view.ThymeleafView.renderFragment(ThymeleafView.java:362)
	at org.thymeleaf.spring5.view.ThymeleafView.render(ThymeleafView.java:189)
	at org.springframework.web.servlet.DispatcherServlet.render(DispatcherServlet.java:1370)
	at org.springframework.web.servlet.DispatcherServlet.processDispatchResult(DispatcherServlet.java:1116)
	at org.springframework.web.servlet.DispatcherServlet.doDispatch(DispatcherServlet.java:1055)
	at org.springframework.web.servlet.DispatcherServlet.doService(DispatcherServlet.java:942)
	at org.springframework.web.servlet.FrameworkServlet.processRequest(FrameworkServlet.java:1005)
	at org.springframework.web.servlet.FrameworkServlet.doGet(FrameworkServlet.java:897)
	at javax.servlet.http.HttpServlet.service(HttpServlet.java:634)
	at org.springframework.web.servlet.FrameworkServlet.service(FrameworkServlet.java:882)
	at javax.servlet.http.HttpServlet.service(HttpServlet.java:741)
	at org.apache.catalina.core.ApplicationFilterChain.internalDoFilter(ApplicationFilterChain.java:231)
	at org.apache.catalina.core.ApplicationFilterChain.doFilter(ApplicationFilterChain.java:166)
	at org.apache.tomcat.websocket.server.WsFilter.doFilter(WsFilter.java:53)
	at org.apache.catalina.core.ApplicationFilterChain.internalDoFilter(ApplicationFilterChain.java:193)
	at org.apache.catalina.core.ApplicationFilterChain.doFilter(ApplicationFilterChain.java:166)
	at org.springframework.web.filter.RequestContextFilter.doFilterInternal(RequestContextFilter.java:99)
	at org.springframework.web.filter.OncePerRequestFilter.doFilter(OncePerRequestFilter.java:107)
	at org.apache.catalina.core.ApplicationFilterChain.internalDoFilter(ApplicationFilterChain.java:193)
	at org.apache.catalina.core.ApplicationFilterChain.doFilter(ApplicationFilterChain.java:166)
	at org.springframework.web.filter.FormContentFilter.doFilterInternal(FormContentFilter.java:92)
	at org.springframework.web.filter.OncePerRequestFilter.doFilter(OncePerRequestFilter.java:107)
	at org.apache.catalina.core.ApplicationFilterChain.internalDoFilter(ApplicationFilterChain.java:193)
	at org.apache.catalina.core.ApplicationFilterChain.doFilter(ApplicationFilterChain.java:166)
	at org.springframework.web.filter.HiddenHttpMethodFilter.doFilterInternal(HiddenHttpMethodFilter.java:93)
	at org.springframework.web.filter.OncePerRequestFilter.doFilter(OncePerRequestFilter.java:107)
	at org.apache.catalina.core.ApplicationFilterChain.internalDoFilter(ApplicationFilterChain.java:193)
	at org.apache.catalina.core.ApplicationFilterChain.doFilter(ApplicationFilterChain.java:166)
	at org.springframework.web.filter.CharacterEncodingFilter.doFilterInternal(CharacterEncodingFilter.java:200)
	at org.springframework.web.filter.OncePerRequestFilter.doFilter(OncePerRequestFilter.java:107)
	at org.apache.catalina.core.ApplicationFilterChain.internalDoFilter(ApplicationFilterChain.java:193)
	at org.apache.catalina.core.ApplicationFilterChain.doFilter(ApplicationFilterChain.java:166)
	at org.apache.catalina.core.StandardWrapperValve.invoke(StandardWrapperValve.java:200)
	at org.apache.catalina.core.StandardContextValve.invoke(StandardContextValve.java:96)
	at org.apache.catalina.authenticator.AuthenticatorBase.invoke(AuthenticatorBase.java:490)
	at org.apache.catalina.core.StandardHostValve.invoke(StandardHostValve.java:139)
	at org.apache.catalina.valves.ErrorReportValve.invoke(ErrorReportValve.java:92)
	at org.apache.catalina.core.StandardEngineValve.invoke(StandardEngineValve.java:74)
	at org.apache.catalina.connector.CoyoteAdapter.service(CoyoteAdapter.java:343)
	at org.apache.coyote.http11.Http11Processor.service(Http11Processor.java:408)
	at org.apache.coyote.AbstractProcessorLight.process(AbstractProcessorLight.java:66)
	at org.apache.coyote.AbstractProtocol$ConnectionHandler.process(AbstractProtocol.java:834)
	at org.apache.tomcat.util.net.NioEndpoint$SocketProcessor.doRun(NioEndpoint.java:1415)
	at org.apache.tomcat.util.net.SocketProcessorBase.run(SocketProcessorBase.java:49)
	at java.base/java.util.concurrent.ThreadPoolExecutor.runWorker(ThreadPoolExecutor.java:1128)
	at java.base/java.util.concurrent.ThreadPoolExecutor$Worker.run(ThreadPoolExecutor.java:628)
	at org.apache.tomcat.util.threads.TaskThread$WrappingRunnable.run(TaskThread.java:61)
	at java.base/java.lang.Thread.run(Thread.java:834)

2019-09-03 10:53:20.510 ERROR 8191 --- [http-nio-8080-exec-6] o.a.c.c.C.[.[.[/].[dispatcherServlet]    : Servlet.service() for servlet [dispatcherServlet] in context with path [] threw exception [Request processing failed; nested exception is org.thymeleaf.exceptions.TemplateInputException: Error resolving template [purchase_history], template might not exist or might not be accessible by any of the configured Template Resolvers] with root cause

org.thymeleaf.exceptions.TemplateInputException: Error resolving template [purchase_history], template might not exist or might not be accessible by any of the configured Template Resolvers
	at org.thymeleaf.engine.TemplateManager.resolveTemplate(TemplateManager.java:869)
	at org.thymeleaf.engine.TemplateManager.parseAndProcess(TemplateManager.java:607)
	at org.thymeleaf.TemplateEngine.process(TemplateEngine.java:1098)
	at org.thymeleaf.TemplateEngine.process(TemplateEngine.java:1072)
	at org.thymeleaf.spring5.view.ThymeleafView.renderFragment(ThymeleafView.java:362)
	at org.thymeleaf.spring5.view.ThymeleafView.render(ThymeleafView.java:189)
	at org.springframework.web.servlet.DispatcherServlet.render(DispatcherServlet.java:1370)
	at org.springframework.web.servlet.DispatcherServlet.processDispatchResult(DispatcherServlet.java:1116)
	at org.springframework.web.servlet.DispatcherServlet.doDispatch(DispatcherServlet.java:1055)
	at org.springframework.web.servlet.DispatcherServlet.doService(DispatcherServlet.java:942)
	at org.springframework.web.servlet.FrameworkServlet.processRequest(FrameworkServlet.java:1005)
	at org.springframework.web.servlet.FrameworkServlet.doGet(FrameworkServlet.java:897)
	at javax.servlet.http.HttpServlet.service(HttpServlet.java:634)
	at org.springframework.web.servlet.FrameworkServlet.service(FrameworkServlet.java:882)
	at javax.servlet.http.HttpServlet.service(HttpServlet.java:741)
	at org.apache.catalina.core.ApplicationFilterChain.internalDoFilter(ApplicationFilterChain.java:231)
	at org.apache.catalina.core.ApplicationFilterChain.doFilter(ApplicationFilterChain.java:166)
	at org.apache.tomcat.websocket.server.WsFilter.doFilter(WsFilter.java:53)
	at org.apache.catalina.core.ApplicationFilterChain.internalDoFilter(ApplicationFilterChain.java:193)
	at org.apache.catalina.core.ApplicationFilterChain.doFilter(ApplicationFilterChain.java:166)
	at org.springframework.web.filter.RequestContextFilter.doFilterInternal(RequestContextFilter.java:99)
	at org.springframework.web.filter.OncePerRequestFilter.doFilter(OncePerRequestFilter.java:107)
	at org.apache.catalina.core.ApplicationFilterChain.internalDoFilter(ApplicationFilterChain.java:193)
	at org.apache.catalina.core.ApplicationFilterChain.doFilter(ApplicationFilterChain.java:166)
	at org.springframework.web.filter.FormContentFilter.doFilterInternal(FormContentFilter.java:92)
	at org.springframework.web.filter.OncePerRequestFilter.doFilter(OncePerRequestFilter.java:107)
	at org.apache.catalina.core.ApplicationFilterChain.internalDoFilter(ApplicationFilterChain.java:193)
	at org.apache.catalina.core.ApplicationFilterChain.doFilter(ApplicationFilterChain.java:166)
	at org.springframework.web.filter.HiddenHttpMethodFilter.doFilterInternal(HiddenHttpMethodFilter.java:93)
	at org.springframework.web.filter.OncePerRequestFilter.doFilter(OncePerRequestFilter.java:107)
	at org.apache.catalina.core.ApplicationFilterChain.internalDoFilter(ApplicationFilterChain.java:193)
	at org.apache.catalina.core.ApplicationFilterChain.doFilter(ApplicationFilterChain.java:166)
	at org.springframework.web.filter.CharacterEncodingFilter.doFilterInternal(CharacterEncodingFilter.java:200)
	at org.springframework.web.filter.OncePerRequestFilter.doFilter(OncePerRequestFilter.java:107)
	at org.apache.catalina.core.ApplicationFilterChain.internalDoFilter(ApplicationFilterChain.java:193)
	at org.apache.catalina.core.ApplicationFilterChain.doFilter(ApplicationFilterChain.java:166)
	at org.apache.catalina.core.StandardWrapperValve.invoke(StandardWrapperValve.java:200)
	at org.apache.catalina.core.StandardContextValve.invoke(StandardContextValve.java:96)
	at org.apache.catalina.authenticator.AuthenticatorBase.invoke(AuthenticatorBase.java:490)
	at org.apache.catalina.core.StandardHostValve.invoke(StandardHostValve.java:139)
	at org.apache.catalina.valves.ErrorReportValve.invoke(ErrorReportValve.java:92)
	at org.apache.catalina.core.StandardEngineValve.invoke(StandardEngineValve.java:74)
	at org.apache.catalina.connector.CoyoteAdapter.service(CoyoteAdapter.java:343)
	at org.apache.coyote.http11.Http11Processor.service(Http11Processor.java:408)
	at org.apache.coyote.AbstractProcessorLight.process(AbstractProcessorLight.java:66)
	at org.apache.coyote.AbstractProtocol$ConnectionHandler.process(AbstractProtocol.java:834)
	at org.apache.tomcat.util.net.NioEndpoint$SocketProcessor.doRun(NioEndpoint.java:1415)
	at org.apache.tomcat.util.net.SocketProcessorBase.run(SocketProcessorBase.java:49)
	at java.base/java.util.concurrent.ThreadPoolExecutor.runWorker(ThreadPoolExecutor.java:1128)
	at java.base/java.util.concurrent.ThreadPoolExecutor$Worker.run(ThreadPoolExecutor.java:628)
	at org.apache.tomcat.util.threads.TaskThread$WrappingRunnable.run(TaskThread.java:61)
	at java.base/java.lang.Thread.run(Thread.java:834)

2019-09-03 10:53:23.754 ERROR 8191 --- [http-nio-8080-exec-7] org.thymeleaf.TemplateEngine             : [THYMELEAF][http-nio-8080-exec-7] Exception processing template "view_basket": Error resolving template [view_basket], template might not exist or might not be accessible by any of the configured Template Resolvers

org.thymeleaf.exceptions.TemplateInputException: Error resolving template [view_basket], template might not exist or might not be accessible by any of the configured Template Resolvers
	at org.thymeleaf.engine.TemplateManager.resolveTemplate(TemplateManager.java:869)
	at org.thymeleaf.engine.TemplateManager.parseAndProcess(TemplateManager.java:607)
	at org.thymeleaf.TemplateEngine.process(TemplateEngine.java:1098)
	at org.thymeleaf.TemplateEngine.process(TemplateEngine.java:1072)
	at org.thymeleaf.spring5.view.ThymeleafView.renderFragment(ThymeleafView.java:362)
	at org.thymeleaf.spring5.view.ThymeleafView.render(ThymeleafView.java:189)
	at org.springframework.web.servlet.DispatcherServlet.render(DispatcherServlet.java:1370)
	at org.springframework.web.servlet.DispatcherServlet.processDispatchResult(DispatcherServlet.java:1116)
	at org.springframework.web.servlet.DispatcherServlet.doDispatch(DispatcherServlet.java:1055)
	at org.springframework.web.servlet.DispatcherServlet.doService(DispatcherServlet.java:942)
	at org.springframework.web.servlet.FrameworkServlet.processRequest(FrameworkServlet.java:1005)
	at org.springframework.web.servlet.FrameworkServlet.doGet(FrameworkServlet.java:897)
	at javax.servlet.http.HttpServlet.service(HttpServlet.java:634)
	at org.springframework.web.servlet.FrameworkServlet.service(FrameworkServlet.java:882)
	at javax.servlet.http.HttpServlet.service(HttpServlet.java:741)
	at org.apache.catalina.core.ApplicationFilterChain.internalDoFilter(ApplicationFilterChain.java:231)
	at org.apache.catalina.core.ApplicationFilterChain.doFilter(ApplicationFilterChain.java:166)
	at org.apache.tomcat.websocket.server.WsFilter.doFilter(WsFilter.java:53)
	at org.apache.catalina.core.ApplicationFilterChain.internalDoFilter(ApplicationFilterChain.java:193)
	at org.apache.catalina.core.ApplicationFilterChain.doFilter(ApplicationFilterChain.java:166)
	at org.springframework.web.filter.RequestContextFilter.doFilterInternal(RequestContextFilter.java:99)
	at org.springframework.web.filter.OncePerRequestFilter.doFilter(OncePerRequestFilter.java:107)
	at org.apache.catalina.core.ApplicationFilterChain.internalDoFilter(ApplicationFilterChain.java:193)
	at org.apache.catalina.core.ApplicationFilterChain.doFilter(ApplicationFilterChain.java:166)
	at org.springframework.web.filter.FormContentFilter.doFilterInternal(FormContentFilter.java:92)
	at org.springframework.web.filter.OncePerRequestFilter.doFilter(OncePerRequestFilter.java:107)
	at org.apache.catalina.core.ApplicationFilterChain.internalDoFilter(ApplicationFilterChain.java:193)
	at org.apache.catalina.core.ApplicationFilterChain.doFilter(ApplicationFilterChain.java:166)
	at org.springframework.web.filter.HiddenHttpMethodFilter.doFilterInternal(HiddenHttpMethodFilter.java:93)
	at org.springframework.web.filter.OncePerRequestFilter.doFilter(OncePerRequestFilter.java:107)
	at org.apache.catalina.core.ApplicationFilterChain.internalDoFilter(ApplicationFilterChain.java:193)
	at org.apache.catalina.core.ApplicationFilterChain.doFilter(ApplicationFilterChain.java:166)
	at org.springframework.web.filter.CharacterEncodingFilter.doFilterInternal(CharacterEncodingFilter.java:200)
	at org.springframework.web.filter.OncePerRequestFilter.doFilter(OncePerRequestFilter.java:107)
	at org.apache.catalina.core.ApplicationFilterChain.internalDoFilter(ApplicationFilterChain.java:193)
	at org.apache.catalina.core.ApplicationFilterChain.doFilter(ApplicationFilterChain.java:166)
	at org.apache.catalina.core.StandardWrapperValve.invoke(StandardWrapperValve.java:200)
	at org.apache.catalina.core.StandardContextValve.invoke(StandardContextValve.java:96)
	at org.apache.catalina.authenticator.AuthenticatorBase.invoke(AuthenticatorBase.java:490)
	at org.apache.catalina.core.StandardHostValve.invoke(StandardHostValve.java:139)
	at org.apache.catalina.valves.ErrorReportValve.invoke(ErrorReportValve.java:92)
	at org.apache.catalina.core.StandardEngineValve.invoke(StandardEngineValve.java:74)
	at org.apache.catalina.connector.CoyoteAdapter.service(CoyoteAdapter.java:343)
	at org.apache.coyote.http11.Http11Processor.service(Http11Processor.java:408)
	at org.apache.coyote.AbstractProcessorLight.process(AbstractProcessorLight.java:66)
	at org.apache.coyote.AbstractProtocol$ConnectionHandler.process(AbstractProtocol.java:834)
	at org.apache.tomcat.util.net.NioEndpoint$SocketProcessor.doRun(NioEndpoint.java:1415)
	at org.apache.tomcat.util.net.SocketProcessorBase.run(SocketProcessorBase.java:49)
	at java.base/java.util.concurrent.ThreadPoolExecutor.runWorker(ThreadPoolExecutor.java:1128)
	at java.base/java.util.concurrent.ThreadPoolExecutor$Worker.run(ThreadPoolExecutor.java:628)
	at org.apache.tomcat.util.threads.TaskThread$WrappingRunnable.run(TaskThread.java:61)
	at java.base/java.lang.Thread.run(Thread.java:834)

2019-09-03 10:53:23.754 ERROR 8191 --- [http-nio-8080-exec-7] o.a.c.c.C.[.[.[/].[dispatcherServlet]    : Servlet.service() for servlet [dispatcherServlet] in context with path [] threw exception [Request processing failed; nested exception is org.thymeleaf.exceptions.TemplateInputException: Error resolving template [view_basket], template might not exist or might not be accessible by any of the configured Template Resolvers] with root cause

org.thymeleaf.exceptions.TemplateInputException: Error resolving template [view_basket], template might not exist or might not be accessible by any of the configured Template Resolvers
	at org.thymeleaf.engine.TemplateManager.resolveTemplate(TemplateManager.java:869)
	at org.thymeleaf.engine.TemplateManager.parseAndProcess(TemplateManager.java:607)
	at org.thymeleaf.TemplateEngine.process(TemplateEngine.java:1098)
	at org.thymeleaf.TemplateEngine.process(TemplateEngine.java:1072)
	at org.thymeleaf.spring5.view.ThymeleafView.renderFragment(ThymeleafView.java:362)
	at org.thymeleaf.spring5.view.ThymeleafView.render(ThymeleafView.java:189)
	at org.springframework.web.servlet.DispatcherServlet.render(DispatcherServlet.java:1370)
	at org.springframework.web.servlet.DispatcherServlet.processDispatchResult(DispatcherServlet.java:1116)
	at org.springframework.web.servlet.DispatcherServlet.doDispatch(DispatcherServlet.java:1055)
	at org.springframework.web.servlet.DispatcherServlet.doService(DispatcherServlet.java:942)
	at org.springframework.web.servlet.FrameworkServlet.processRequest(FrameworkServlet.java:1005)
	at org.springframework.web.servlet.FrameworkServlet.doGet(FrameworkServlet.java:897)
	at javax.servlet.http.HttpServlet.service(HttpServlet.java:634)
	at org.springframework.web.servlet.FrameworkServlet.service(FrameworkServlet.java:882)
	at javax.servlet.http.HttpServlet.service(HttpServlet.java:741)
	at org.apache.catalina.core.ApplicationFilterChain.internalDoFilter(ApplicationFilterChain.java:231)
	at org.apache.catalina.core.ApplicationFilterChain.doFilter(ApplicationFilterChain.java:166)
	at org.apache.tomcat.websocket.server.WsFilter.doFilter(WsFilter.java:53)
	at org.apache.catalina.core.ApplicationFilterChain.internalDoFilter(ApplicationFilterChain.java:193)
	at org.apache.catalina.core.ApplicationFilterChain.doFilter(ApplicationFilterChain.java:166)
	at org.springframework.web.filter.RequestContextFilter.doFilterInternal(RequestContextFilter.java:99)
	at org.springframework.web.filter.OncePerRequestFilter.doFilter(OncePerRequestFilter.java:107)
	at org.apache.catalina.core.ApplicationFilterChain.internalDoFilter(ApplicationFilterChain.java:193)
	at org.apache.catalina.core.ApplicationFilterChain.doFilter(ApplicationFilterChain.java:166)
	at org.springframework.web.filter.FormContentFilter.doFilterInternal(FormContentFilter.java:92)
	at org.springframework.web.filter.OncePerRequestFilter.doFilter(OncePerRequestFilter.java:107)
	at org.apache.catalina.core.ApplicationFilterChain.internalDoFilter(ApplicationFilterChain.java:193)
	at org.apache.catalina.core.ApplicationFilterChain.doFilter(ApplicationFilterChain.java:166)
	at org.springframework.web.filter.HiddenHttpMethodFilter.doFilterInternal(HiddenHttpMethodFilter.java:93)
	at org.springframework.web.filter.OncePerRequestFilter.doFilter(OncePerRequestFilter.java:107)
	at org.apache.catalina.core.ApplicationFilterChain.internalDoFilter(ApplicationFilterChain.java:193)
	at org.apache.catalina.core.ApplicationFilterChain.doFilter(ApplicationFilterChain.java:166)
	at org.springframework.web.filter.CharacterEncodingFilter.doFilterInternal(CharacterEncodingFilter.java:200)
	at org.springframework.web.filter.OncePerRequestFilter.doFilter(OncePerRequestFilter.java:107)
	at org.apache.catalina.core.ApplicationFilterChain.internalDoFilter(ApplicationFilterChain.java:193)
	at org.apache.catalina.core.ApplicationFilterChain.doFilter(ApplicationFilterChain.java:166)
	at org.apache.catalina.core.StandardWrapperValve.invoke(StandardWrapperValve.java:200)
	at org.apache.catalina.core.StandardContextValve.invoke(StandardContextValve.java:96)
	at org.apache.catalina.authenticator.AuthenticatorBase.invoke(AuthenticatorBase.java:490)
	at org.apache.catalina.core.StandardHostValve.invoke(StandardHostValve.java:139)
	at org.apache.catalina.valves.ErrorReportValve.invoke(ErrorReportValve.java:92)
	at org.apache.catalina.core.StandardEngineValve.invoke(StandardEngineValve.java:74)
	at org.apache.catalina.connector.CoyoteAdapter.service(CoyoteAdapter.java:343)
	at org.apache.coyote.http11.Http11Processor.service(Http11Processor.java:408)
	at org.apache.coyote.AbstractProcessorLight.process(AbstractProcessorLight.java:66)
	at org.apache.coyote.AbstractProtocol$ConnectionHandler.process(AbstractProtocol.java:834)
	at org.apache.tomcat.util.net.NioEndpoint$SocketProcessor.doRun(NioEndpoint.java:1415)
	at org.apache.tomcat.util.net.SocketProcessorBase.run(SocketProcessorBase.java:49)
	at java.base/java.util.concurrent.ThreadPoolExecutor.runWorker(ThreadPoolExecutor.java:1128)
	at java.base/java.util.concurrent.ThreadPoolExecutor$Worker.run(ThreadPoolExecutor.java:628)
	at org.apache.tomcat.util.threads.TaskThread$WrappingRunnable.run(TaskThread.java:61)
	at java.base/java.lang.Thread.run(Thread.java:834)

2019-09-03 10:53:32.704 ERROR 8191 --- [http-nio-8080-exec-9] org.thymeleaf.TemplateEngine             : [THYMELEAF][http-nio-8080-exec-9] Exception processing template "view_basket": Error resolving template [view_basket], template might not exist or might not be accessible by any of the configured Template Resolvers

org.thymeleaf.exceptions.TemplateInputException: Error resolving template [view_basket], template might not exist or might not be accessible by any of the configured Template Resolvers
	at org.thymeleaf.engine.TemplateManager.resolveTemplate(TemplateManager.java:869)
	at org.thymeleaf.engine.TemplateManager.parseAndProcess(TemplateManager.java:607)
	at org.thymeleaf.TemplateEngine.process(TemplateEngine.java:1098)
	at org.thymeleaf.TemplateEngine.process(TemplateEngine.java:1072)
	at org.thymeleaf.spring5.view.ThymeleafView.renderFragment(ThymeleafView.java:362)
	at org.thymeleaf.spring5.view.ThymeleafView.render(ThymeleafView.java:189)
	at org.springframework.web.servlet.DispatcherServlet.render(DispatcherServlet.java:1370)
	at org.springframework.web.servlet.DispatcherServlet.processDispatchResult(DispatcherServlet.java:1116)
	at org.springframework.web.servlet.DispatcherServlet.doDispatch(DispatcherServlet.java:1055)
	at org.springframework.web.servlet.DispatcherServlet.doService(DispatcherServlet.java:942)
	at org.springframework.web.servlet.FrameworkServlet.processRequest(FrameworkServlet.java:1005)
	at org.springframework.web.servlet.FrameworkServlet.doGet(FrameworkServlet.java:897)
	at javax.servlet.http.HttpServlet.service(HttpServlet.java:634)
	at org.springframework.web.servlet.FrameworkServlet.service(FrameworkServlet.java:882)
	at javax.servlet.http.HttpServlet.service(HttpServlet.java:741)
	at org.apache.catalina.core.ApplicationFilterChain.internalDoFilter(ApplicationFilterChain.java:231)
	at org.apache.catalina.core.ApplicationFilterChain.doFilter(ApplicationFilterChain.java:166)
	at org.apache.tomcat.websocket.server.WsFilter.doFilter(WsFilter.java:53)
	at org.apache.catalina.core.ApplicationFilterChain.internalDoFilter(ApplicationFilterChain.java:193)
	at org.apache.catalina.core.ApplicationFilterChain.doFilter(ApplicationFilterChain.java:166)
	at org.springframework.web.filter.RequestContextFilter.doFilterInternal(RequestContextFilter.java:99)
	at org.springframework.web.filter.OncePerRequestFilter.doFilter(OncePerRequestFilter.java:107)
	at org.apache.catalina.core.ApplicationFilterChain.internalDoFilter(ApplicationFilterChain.java:193)
	at org.apache.catalina.core.ApplicationFilterChain.doFilter(ApplicationFilterChain.java:166)
	at org.springframework.web.filter.FormContentFilter.doFilterInternal(FormContentFilter.java:92)
	at org.springframework.web.filter.OncePerRequestFilter.doFilter(OncePerRequestFilter.java:107)
	at org.apache.catalina.core.ApplicationFilterChain.internalDoFilter(ApplicationFilterChain.java:193)
	at org.apache.catalina.core.ApplicationFilterChain.doFilter(ApplicationFilterChain.java:166)
	at org.springframework.web.filter.HiddenHttpMethodFilter.doFilterInternal(HiddenHttpMethodFilter.java:93)
	at org.springframework.web.filter.OncePerRequestFilter.doFilter(OncePerRequestFilter.java:107)
	at org.apache.catalina.core.ApplicationFilterChain.internalDoFilter(ApplicationFilterChain.java:193)
	at org.apache.catalina.core.ApplicationFilterChain.doFilter(ApplicationFilterChain.java:166)
	at org.springframework.web.filter.CharacterEncodingFilter.doFilterInternal(CharacterEncodingFilter.java:200)
	at org.springframework.web.filter.OncePerRequestFilter.doFilter(OncePerRequestFilter.java:107)
	at org.apache.catalina.core.ApplicationFilterChain.internalDoFilter(ApplicationFilterChain.java:193)
	at org.apache.catalina.core.ApplicationFilterChain.doFilter(ApplicationFilterChain.java:166)
	at org.apache.catalina.core.StandardWrapperValve.invoke(StandardWrapperValve.java:200)
	at org.apache.catalina.core.StandardContextValve.invoke(StandardContextValve.java:96)
	at org.apache.catalina.authenticator.AuthenticatorBase.invoke(AuthenticatorBase.java:490)
	at org.apache.catalina.core.StandardHostValve.invoke(StandardHostValve.java:139)
	at org.apache.catalina.valves.ErrorReportValve.invoke(ErrorReportValve.java:92)
	at org.apache.catalina.core.StandardEngineValve.invoke(StandardEngineValve.java:74)
	at org.apache.catalina.connector.CoyoteAdapter.service(CoyoteAdapter.java:343)
	at org.apache.coyote.http11.Http11Processor.service(Http11Processor.java:408)
	at org.apache.coyote.AbstractProcessorLight.process(AbstractProcessorLight.java:66)
	at org.apache.coyote.AbstractProtocol$ConnectionHandler.process(AbstractProtocol.java:834)
	at org.apache.tomcat.util.net.NioEndpoint$SocketProcessor.doRun(NioEndpoint.java:1415)
	at org.apache.tomcat.util.net.SocketProcessorBase.run(SocketProcessorBase.java:49)
	at java.base/java.util.concurrent.ThreadPoolExecutor.runWorker(ThreadPoolExecutor.java:1128)
	at java.base/java.util.concurrent.ThreadPoolExecutor$Worker.run(ThreadPoolExecutor.java:628)
	at org.apache.tomcat.util.threads.TaskThread$WrappingRunnable.run(TaskThread.java:61)
	at java.base/java.lang.Thread.run(Thread.java:834)

2019-09-03 10:53:32.705 ERROR 8191 --- [http-nio-8080-exec-9] o.a.c.c.C.[.[.[/].[dispatcherServlet]    : Servlet.service() for servlet [dispatcherServlet] in context with path [] threw exception [Request processing failed; nested exception is org.thymeleaf.exceptions.TemplateInputException: Error resolving template [view_basket], template might not exist or might not be accessible by any of the configured Template Resolvers] with root cause

org.thymeleaf.exceptions.TemplateInputException: Error resolving template [view_basket], template might not exist or might not be accessible by any of the configured Template Resolvers
	at org.thymeleaf.engine.TemplateManager.resolveTemplate(TemplateManager.java:869)
	at org.thymeleaf.engine.TemplateManager.parseAndProcess(TemplateManager.java:607)
	at org.thymeleaf.TemplateEngine.process(TemplateEngine.java:1098)
	at org.thymeleaf.TemplateEngine.process(TemplateEngine.java:1072)
	at org.thymeleaf.spring5.view.ThymeleafView.renderFragment(ThymeleafView.java:362)
	at org.thymeleaf.spring5.view.ThymeleafView.render(ThymeleafView.java:189)
	at org.springframework.web.servlet.DispatcherServlet.render(DispatcherServlet.java:1370)
	at org.springframework.web.servlet.DispatcherServlet.processDispatchResult(DispatcherServlet.java:1116)
	at org.springframework.web.servlet.DispatcherServlet.doDispatch(DispatcherServlet.java:1055)
	at org.springframework.web.servlet.DispatcherServlet.doService(DispatcherServlet.java:942)
	at org.springframework.web.servlet.FrameworkServlet.processRequest(FrameworkServlet.java:1005)
	at org.springframework.web.servlet.FrameworkServlet.doGet(FrameworkServlet.java:897)
	at javax.servlet.http.HttpServlet.service(HttpServlet.java:634)
	at org.springframework.web.servlet.FrameworkServlet.service(FrameworkServlet.java:882)
	at javax.servlet.http.HttpServlet.service(HttpServlet.java:741)
	at org.apache.catalina.core.ApplicationFilterChain.internalDoFilter(ApplicationFilterChain.java:231)
	at org.apache.catalina.core.ApplicationFilterChain.doFilter(ApplicationFilterChain.java:166)
	at org.apache.tomcat.websocket.server.WsFilter.doFilter(WsFilter.java:53)
	at org.apache.catalina.core.ApplicationFilterChain.internalDoFilter(ApplicationFilterChain.java:193)
	at org.apache.catalina.core.ApplicationFilterChain.doFilter(ApplicationFilterChain.java:166)
	at org.springframework.web.filter.RequestContextFilter.doFilterInternal(RequestContextFilter.java:99)
	at org.springframework.web.filter.OncePerRequestFilter.doFilter(OncePerRequestFilter.java:107)
	at org.apache.catalina.core.ApplicationFilterChain.internalDoFilter(ApplicationFilterChain.java:193)
	at org.apache.catalina.core.ApplicationFilterChain.doFilter(ApplicationFilterChain.java:166)
	at org.springframework.web.filter.FormContentFilter.doFilterInternal(FormContentFilter.java:92)
	at org.springframework.web.filter.OncePerRequestFilter.doFilter(OncePerRequestFilter.java:107)
	at org.apache.catalina.core.ApplicationFilterChain.internalDoFilter(ApplicationFilterChain.java:193)
	at org.apache.catalina.core.ApplicationFilterChain.doFilter(ApplicationFilterChain.java:166)
	at org.springframework.web.filter.HiddenHttpMethodFilter.doFilterInternal(HiddenHttpMethodFilter.java:93)
	at org.springframework.web.filter.OncePerRequestFilter.doFilter(OncePerRequestFilter.java:107)
	at org.apache.catalina.core.ApplicationFilterChain.internalDoFilter(ApplicationFilterChain.java:193)
	at org.apache.catalina.core.ApplicationFilterChain.doFilter(ApplicationFilterChain.java:166)
	at org.springframework.web.filter.CharacterEncodingFilter.doFilterInternal(CharacterEncodingFilter.java:200)
	at org.springframework.web.filter.OncePerRequestFilter.doFilter(OncePerRequestFilter.java:107)
	at org.apache.catalina.core.ApplicationFilterChain.internalDoFilter(ApplicationFilterChain.java:193)
	at org.apache.catalina.core.ApplicationFilterChain.doFilter(ApplicationFilterChain.java:166)
	at org.apache.catalina.core.StandardWrapperValve.invoke(StandardWrapperValve.java:200)
	at org.apache.catalina.core.StandardContextValve.invoke(StandardContextValve.java:96)
	at org.apache.catalina.authenticator.AuthenticatorBase.invoke(AuthenticatorBase.java:490)
	at org.apache.catalina.core.StandardHostValve.invoke(StandardHostValve.java:139)
	at org.apache.catalina.valves.ErrorReportValve.invoke(ErrorReportValve.java:92)
	at org.apache.catalina.core.StandardEngineValve.invoke(StandardEngineValve.java:74)
	at org.apache.catalina.connector.CoyoteAdapter.service(CoyoteAdapter.java:343)
	at org.apache.coyote.http11.Http11Processor.service(Http11Processor.java:408)
	at org.apache.coyote.AbstractProcessorLight.process(AbstractProcessorLight.java:66)
	at org.apache.coyote.AbstractProtocol$ConnectionHandler.process(AbstractProtocol.java:834)
	at org.apache.tomcat.util.net.NioEndpoint$SocketProcessor.doRun(NioEndpoint.java:1415)
	at org.apache.tomcat.util.net.SocketProcessorBase.run(SocketProcessorBase.java:49)
	at java.base/java.util.concurrent.ThreadPoolExecutor.runWorker(ThreadPoolExecutor.java:1128)
	at java.base/java.util.concurrent.ThreadPoolExecutor$Worker.run(ThreadPoolExecutor.java:628)
	at org.apache.tomcat.util.threads.TaskThread$WrappingRunnable.run(TaskThread.java:61)
	at java.base/java.lang.Thread.run(Thread.java:834)

2019-09-03 10:53:38.509 ERROR 8191 --- [http-nio-8080-exec-1] org.thymeleaf.TemplateEngine             : [THYMELEAF][http-nio-8080-exec-1] Exception processing template "purchase_history": Error resolving template [purchase_history], template might not exist or might not be accessible by any of the configured Template Resolvers

org.thymeleaf.exceptions.TemplateInputException: Error resolving template [purchase_history], template might not exist or might not be accessible by any of the configured Template Resolvers
	at org.thymeleaf.engine.TemplateManager.resolveTemplate(TemplateManager.java:869)
	at org.thymeleaf.engine.TemplateManager.parseAndProcess(TemplateManager.java:607)
	at org.thymeleaf.TemplateEngine.process(TemplateEngine.java:1098)
	at org.thymeleaf.TemplateEngine.process(TemplateEngine.java:1072)
	at org.thymeleaf.spring5.view.ThymeleafView.renderFragment(ThymeleafView.java:362)
	at org.thymeleaf.spring5.view.ThymeleafView.render(ThymeleafView.java:189)
	at org.springframework.web.servlet.DispatcherServlet.render(DispatcherServlet.java:1370)
	at org.springframework.web.servlet.DispatcherServlet.processDispatchResult(DispatcherServlet.java:1116)
	at org.springframework.web.servlet.DispatcherServlet.doDispatch(DispatcherServlet.java:1055)
	at org.springframework.web.servlet.DispatcherServlet.doService(DispatcherServlet.java:942)
	at org.springframework.web.servlet.FrameworkServlet.processRequest(FrameworkServlet.java:1005)
	at org.springframework.web.servlet.FrameworkServlet.doGet(FrameworkServlet.java:897)
	at javax.servlet.http.HttpServlet.service(HttpServlet.java:634)
	at org.springframework.web.servlet.FrameworkServlet.service(FrameworkServlet.java:882)
	at javax.servlet.http.HttpServlet.service(HttpServlet.java:741)
	at org.apache.catalina.core.ApplicationFilterChain.internalDoFilter(ApplicationFilterChain.java:231)
	at org.apache.catalina.core.ApplicationFilterChain.doFilter(ApplicationFilterChain.java:166)
	at org.apache.tomcat.websocket.server.WsFilter.doFilter(WsFilter.java:53)
	at org.apache.catalina.core.ApplicationFilterChain.internalDoFilter(ApplicationFilterChain.java:193)
	at org.apache.catalina.core.ApplicationFilterChain.doFilter(ApplicationFilterChain.java:166)
	at org.springframework.web.filter.RequestContextFilter.doFilterInternal(RequestContextFilter.java:99)
	at org.springframework.web.filter.OncePerRequestFilter.doFilter(OncePerRequestFilter.java:107)
	at org.apache.catalina.core.ApplicationFilterChain.internalDoFilter(ApplicationFilterChain.java:193)
	at org.apache.catalina.core.ApplicationFilterChain.doFilter(ApplicationFilterChain.java:166)
	at org.springframework.web.filter.FormContentFilter.doFilterInternal(FormContentFilter.java:92)
	at org.springframework.web.filter.OncePerRequestFilter.doFilter(OncePerRequestFilter.java:107)
	at org.apache.catalina.core.ApplicationFilterChain.internalDoFilter(ApplicationFilterChain.java:193)
	at org.apache.catalina.core.ApplicationFilterChain.doFilter(ApplicationFilterChain.java:166)
	at org.springframework.web.filter.HiddenHttpMethodFilter.doFilterInternal(HiddenHttpMethodFilter.java:93)
	at org.springframework.web.filter.OncePerRequestFilter.doFilter(OncePerRequestFilter.java:107)
	at org.apache.catalina.core.ApplicationFilterChain.internalDoFilter(ApplicationFilterChain.java:193)
	at org.apache.catalina.core.ApplicationFilterChain.doFilter(ApplicationFilterChain.java:166)
	at org.springframework.web.filter.CharacterEncodingFilter.doFilterInternal(CharacterEncodingFilter.java:200)
	at org.springframework.web.filter.OncePerRequestFilter.doFilter(OncePerRequestFilter.java:107)
	at org.apache.catalina.core.ApplicationFilterChain.internalDoFilter(ApplicationFilterChain.java:193)
	at org.apache.catalina.core.ApplicationFilterChain.doFilter(ApplicationFilterChain.java:166)
	at org.apache.catalina.core.StandardWrapperValve.invoke(StandardWrapperValve.java:200)
	at org.apache.catalina.core.StandardContextValve.invoke(StandardContextValve.java:96)
	at org.apache.catalina.authenticator.AuthenticatorBase.invoke(AuthenticatorBase.java:490)
	at org.apache.catalina.core.StandardHostValve.invoke(StandardHostValve.java:139)
	at org.apache.catalina.valves.ErrorReportValve.invoke(ErrorReportValve.java:92)
	at org.apache.catalina.core.StandardEngineValve.invoke(StandardEngineValve.java:74)
	at org.apache.catalina.connector.CoyoteAdapter.service(CoyoteAdapter.java:343)
	at org.apache.coyote.http11.Http11Processor.service(Http11Processor.java:408)
	at org.apache.coyote.AbstractProcessorLight.process(AbstractProcessorLight.java:66)
	at org.apache.coyote.AbstractProtocol$ConnectionHandler.process(AbstractProtocol.java:834)
	at org.apache.tomcat.util.net.NioEndpoint$SocketProcessor.doRun(NioEndpoint.java:1415)
	at org.apache.tomcat.util.net.SocketProcessorBase.run(SocketProcessorBase.java:49)
	at java.base/java.util.concurrent.ThreadPoolExecutor.runWorker(ThreadPoolExecutor.java:1128)
	at java.base/java.util.concurrent.ThreadPoolExecutor$Worker.run(ThreadPoolExecutor.java:628)
	at org.apache.tomcat.util.threads.TaskThread$WrappingRunnable.run(TaskThread.java:61)
	at java.base/java.lang.Thread.run(Thread.java:834)

2019-09-03 10:53:38.509 ERROR 8191 --- [http-nio-8080-exec-1] o.a.c.c.C.[.[.[/].[dispatcherServlet]    : Servlet.service() for servlet [dispatcherServlet] in context with path [] threw exception [Request processing failed; nested exception is org.thymeleaf.exceptions.TemplateInputException: Error resolving template [purchase_history], template might not exist or might not be accessible by any of the configured Template Resolvers] with root cause

org.thymeleaf.exceptions.TemplateInputException: Error resolving template [purchase_history], template might not exist or might not be accessible by any of the configured Template Resolvers
	at org.thymeleaf.engine.TemplateManager.resolveTemplate(TemplateManager.java:869)
	at org.thymeleaf.engine.TemplateManager.parseAndProcess(TemplateManager.java:607)
	at org.thymeleaf.TemplateEngine.process(TemplateEngine.java:1098)
	at org.thymeleaf.TemplateEngine.process(TemplateEngine.java:1072)
	at org.thymeleaf.spring5.view.ThymeleafView.renderFragment(ThymeleafView.java:362)
	at org.thymeleaf.spring5.view.ThymeleafView.render(ThymeleafView.java:189)
	at org.springframework.web.servlet.DispatcherServlet.render(DispatcherServlet.java:1370)
	at org.springframework.web.servlet.DispatcherServlet.processDispatchResult(DispatcherServlet.java:1116)
	at org.springframework.web.servlet.DispatcherServlet.doDispatch(DispatcherServlet.java:1055)
	at org.springframework.web.servlet.DispatcherServlet.doService(DispatcherServlet.java:942)
	at org.springframework.web.servlet.FrameworkServlet.processRequest(FrameworkServlet.java:1005)
	at org.springframework.web.servlet.FrameworkServlet.doGet(FrameworkServlet.java:897)
	at javax.servlet.http.HttpServlet.service(HttpServlet.java:634)
	at org.springframework.web.servlet.FrameworkServlet.service(FrameworkServlet.java:882)
	at javax.servlet.http.HttpServlet.service(HttpServlet.java:741)
	at org.apache.catalina.core.ApplicationFilterChain.internalDoFilter(ApplicationFilterChain.java:231)
	at org.apache.catalina.core.ApplicationFilterChain.doFilter(ApplicationFilterChain.java:166)
	at org.apache.tomcat.websocket.server.WsFilter.doFilter(WsFilter.java:53)
	at org.apache.catalina.core.ApplicationFilterChain.internalDoFilter(ApplicationFilterChain.java:193)
	at org.apache.catalina.core.ApplicationFilterChain.doFilter(ApplicationFilterChain.java:166)
	at org.springframework.web.filter.RequestContextFilter.doFilterInternal(RequestContextFilter.java:99)
	at org.springframework.web.filter.OncePerRequestFilter.doFilter(OncePerRequestFilter.java:107)
	at org.apache.catalina.core.ApplicationFilterChain.internalDoFilter(ApplicationFilterChain.java:193)
	at org.apache.catalina.core.ApplicationFilterChain.doFilter(ApplicationFilterChain.java:166)
	at org.springframework.web.filter.FormContentFilter.doFilterInternal(FormContentFilter.java:92)
	at org.springframework.web.filter.OncePerRequestFilter.doFilter(OncePerRequestFilter.java:107)
	at org.apache.catalina.core.ApplicationFilterChain.internalDoFilter(ApplicationFilterChain.java:193)
	at org.apache.catalina.core.ApplicationFilterChain.doFilter(ApplicationFilterChain.java:166)
	at org.springframework.web.filter.HiddenHttpMethodFilter.doFilterInternal(HiddenHttpMethodFilter.java:93)
	at org.springframework.web.filter.OncePerRequestFilter.doFilter(OncePerRequestFilter.java:107)
	at org.apache.catalina.core.ApplicationFilterChain.internalDoFilter(ApplicationFilterChain.java:193)
	at org.apache.catalina.core.ApplicationFilterChain.doFilter(ApplicationFilterChain.java:166)
	at org.springframework.web.filter.CharacterEncodingFilter.doFilterInternal(CharacterEncodingFilter.java:200)
	at org.springframework.web.filter.OncePerRequestFilter.doFilter(OncePerRequestFilter.java:107)
	at org.apache.catalina.core.ApplicationFilterChain.internalDoFilter(ApplicationFilterChain.java:193)
	at org.apache.catalina.core.ApplicationFilterChain.doFilter(ApplicationFilterChain.java:166)
	at org.apache.catalina.core.StandardWrapperValve.invoke(StandardWrapperValve.java:200)
	at org.apache.catalina.core.StandardContextValve.invoke(StandardContextValve.java:96)
	at org.apache.catalina.authenticator.AuthenticatorBase.invoke(AuthenticatorBase.java:490)
	at org.apache.catalina.core.StandardHostValve.invoke(StandardHostValve.java:139)
	at org.apache.catalina.valves.ErrorReportValve.invoke(ErrorReportValve.java:92)
	at org.apache.catalina.core.StandardEngineValve.invoke(StandardEngineValve.java:74)
	at org.apache.catalina.connector.CoyoteAdapter.service(CoyoteAdapter.java:343)
	at org.apache.coyote.http11.Http11Processor.service(Http11Processor.java:408)
	at org.apache.coyote.AbstractProcessorLight.process(AbstractProcessorLight.java:66)
	at org.apache.coyote.AbstractProtocol$ConnectionHandler.process(AbstractProtocol.java:834)
	at org.apache.tomcat.util.net.NioEndpoint$SocketProcessor.doRun(NioEndpoint.java:1415)
	at org.apache.tomcat.util.net.SocketProcessorBase.run(SocketProcessorBase.java:49)
	at java.base/java.util.concurrent.ThreadPoolExecutor.runWorker(ThreadPoolExecutor.java:1128)
	at java.base/java.util.concurrent.ThreadPoolExecutor$Worker.run(ThreadPoolExecutor.java:628)
	at org.apache.tomcat.util.threads.TaskThread$WrappingRunnable.run(TaskThread.java:61)
	at java.base/java.lang.Thread.run(Thread.java:834)

2019-09-03 10:53:42.058 ERROR 8191 --- [http-nio-8080-exec-2] org.thymeleaf.TemplateEngine             : [THYMELEAF][http-nio-8080-exec-2] Exception processing template "view_basket": Error resolving template [view_basket], template might not exist or might not be accessible by any of the configured Template Resolvers

org.thymeleaf.exceptions.TemplateInputException: Error resolving template [view_basket], template might not exist or might not be accessible by any of the configured Template Resolvers
	at org.thymeleaf.engine.TemplateManager.resolveTemplate(TemplateManager.java:869)
	at org.thymeleaf.engine.TemplateManager.parseAndProcess(TemplateManager.java:607)
	at org.thymeleaf.TemplateEngine.process(TemplateEngine.java:1098)
	at org.thymeleaf.TemplateEngine.process(TemplateEngine.java:1072)
	at org.thymeleaf.spring5.view.ThymeleafView.renderFragment(ThymeleafView.java:362)
	at org.thymeleaf.spring5.view.ThymeleafView.render(ThymeleafView.java:189)
	at org.springframework.web.servlet.DispatcherServlet.render(DispatcherServlet.java:1370)
	at org.springframework.web.servlet.DispatcherServlet.processDispatchResult(DispatcherServlet.java:1116)
	at org.springframework.web.servlet.DispatcherServlet.doDispatch(DispatcherServlet.java:1055)
	at org.springframework.web.servlet.DispatcherServlet.doService(DispatcherServlet.java:942)
	at org.springframework.web.servlet.FrameworkServlet.processRequest(FrameworkServlet.java:1005)
	at org.springframework.web.servlet.FrameworkServlet.doGet(FrameworkServlet.java:897)
	at javax.servlet.http.HttpServlet.service(HttpServlet.java:634)
	at org.springframework.web.servlet.FrameworkServlet.service(FrameworkServlet.java:882)
	at javax.servlet.http.HttpServlet.service(HttpServlet.java:741)
	at org.apache.catalina.core.ApplicationFilterChain.internalDoFilter(ApplicationFilterChain.java:231)
	at org.apache.catalina.core.ApplicationFilterChain.doFilter(ApplicationFilterChain.java:166)
	at org.apache.tomcat.websocket.server.WsFilter.doFilter(WsFilter.java:53)
	at org.apache.catalina.core.ApplicationFilterChain.internalDoFilter(ApplicationFilterChain.java:193)
	at org.apache.catalina.core.ApplicationFilterChain.doFilter(ApplicationFilterChain.java:166)
	at org.springframework.web.filter.RequestContextFilter.doFilterInternal(RequestContextFilter.java:99)
	at org.springframework.web.filter.OncePerRequestFilter.doFilter(OncePerRequestFilter.java:107)
	at org.apache.catalina.core.ApplicationFilterChain.internalDoFilter(ApplicationFilterChain.java:193)
	at org.apache.catalina.core.ApplicationFilterChain.doFilter(ApplicationFilterChain.java:166)
	at org.springframework.web.filter.FormContentFilter.doFilterInternal(FormContentFilter.java:92)
	at org.springframework.web.filter.OncePerRequestFilter.doFilter(OncePerRequestFilter.java:107)
	at org.apache.catalina.core.ApplicationFilterChain.internalDoFilter(ApplicationFilterChain.java:193)
	at org.apache.catalina.core.ApplicationFilterChain.doFilter(ApplicationFilterChain.java:166)
	at org.springframework.web.filter.HiddenHttpMethodFilter.doFilterInternal(HiddenHttpMethodFilter.java:93)
	at org.springframework.web.filter.OncePerRequestFilter.doFilter(OncePerRequestFilter.java:107)
	at org.apache.catalina.core.ApplicationFilterChain.internalDoFilter(ApplicationFilterChain.java:193)
	at org.apache.catalina.core.ApplicationFilterChain.doFilter(ApplicationFilterChain.java:166)
	at org.springframework.web.filter.CharacterEncodingFilter.doFilterInternal(CharacterEncodingFilter.java:200)
	at org.springframework.web.filter.OncePerRequestFilter.doFilter(OncePerRequestFilter.java:107)
	at org.apache.catalina.core.ApplicationFilterChain.internalDoFilter(ApplicationFilterChain.java:193)
	at org.apache.catalina.core.ApplicationFilterChain.doFilter(ApplicationFilterChain.java:166)
	at org.apache.catalina.core.StandardWrapperValve.invoke(StandardWrapperValve.java:200)
	at org.apache.catalina.core.StandardContextValve.invoke(StandardContextValve.java:96)
	at org.apache.catalina.authenticator.AuthenticatorBase.invoke(AuthenticatorBase.java:490)
	at org.apache.catalina.core.StandardHostValve.invoke(StandardHostValve.java:139)
	at org.apache.catalina.valves.ErrorReportValve.invoke(ErrorReportValve.java:92)
	at org.apache.catalina.core.StandardEngineValve.invoke(StandardEngineValve.java:74)
	at org.apache.catalina.connector.CoyoteAdapter.service(CoyoteAdapter.java:343)
	at org.apache.coyote.http11.Http11Processor.service(Http11Processor.java:408)
	at org.apache.coyote.AbstractProcessorLight.process(AbstractProcessorLight.java:66)
	at org.apache.coyote.AbstractProtocol$ConnectionHandler.process(AbstractProtocol.java:834)
	at org.apache.tomcat.util.net.NioEndpoint$SocketProcessor.doRun(NioEndpoint.java:1415)
	at org.apache.tomcat.util.net.SocketProcessorBase.run(SocketProcessorBase.java:49)
	at java.base/java.util.concurrent.ThreadPoolExecutor.runWorker(ThreadPoolExecutor.java:1128)
	at java.base/java.util.concurrent.ThreadPoolExecutor$Worker.run(ThreadPoolExecutor.java:628)
	at org.apache.tomcat.util.threads.TaskThread$WrappingRunnable.run(TaskThread.java:61)
	at java.base/java.lang.Thread.run(Thread.java:834)

2019-09-03 10:53:42.059 ERROR 8191 --- [http-nio-8080-exec-2] o.a.c.c.C.[.[.[/].[dispatcherServlet]    : Servlet.service() for servlet [dispatcherServlet] in context with path [] threw exception [Request processing failed; nested exception is org.thymeleaf.exceptions.TemplateInputException: Error resolving template [view_basket], template might not exist or might not be accessible by any of the configured Template Resolvers] with root cause

org.thymeleaf.exceptions.TemplateInputException: Error resolving template [view_basket], template might not exist or might not be accessible by any of the configured Template Resolvers
	at org.thymeleaf.engine.TemplateManager.resolveTemplate(TemplateManager.java:869)
	at org.thymeleaf.engine.TemplateManager.parseAndProcess(TemplateManager.java:607)
	at org.thymeleaf.TemplateEngine.process(TemplateEngine.java:1098)
	at org.thymeleaf.TemplateEngine.process(TemplateEngine.java:1072)
	at org.thymeleaf.spring5.view.ThymeleafView.renderFragment(ThymeleafView.java:362)
	at org.thymeleaf.spring5.view.ThymeleafView.render(ThymeleafView.java:189)
	at org.springframework.web.servlet.DispatcherServlet.render(DispatcherServlet.java:1370)
	at org.springframework.web.servlet.DispatcherServlet.processDispatchResult(DispatcherServlet.java:1116)
	at org.springframework.web.servlet.DispatcherServlet.doDispatch(DispatcherServlet.java:1055)
	at org.springframework.web.servlet.DispatcherServlet.doService(DispatcherServlet.java:942)
	at org.springframework.web.servlet.FrameworkServlet.processRequest(FrameworkServlet.java:1005)
	at org.springframework.web.servlet.FrameworkServlet.doGet(FrameworkServlet.java:897)
	at javax.servlet.http.HttpServlet.service(HttpServlet.java:634)
	at org.springframework.web.servlet.FrameworkServlet.service(FrameworkServlet.java:882)
	at javax.servlet.http.HttpServlet.service(HttpServlet.java:741)
	at org.apache.catalina.core.ApplicationFilterChain.internalDoFilter(ApplicationFilterChain.java:231)
	at org.apache.catalina.core.ApplicationFilterChain.doFilter(ApplicationFilterChain.java:166)
	at org.apache.tomcat.websocket.server.WsFilter.doFilter(WsFilter.java:53)
	at org.apache.catalina.core.ApplicationFilterChain.internalDoFilter(ApplicationFilterChain.java:193)
	at org.apache.catalina.core.ApplicationFilterChain.doFilter(ApplicationFilterChain.java:166)
	at org.springframework.web.filter.RequestContextFilter.doFilterInternal(RequestContextFilter.java:99)
	at org.springframework.web.filter.OncePerRequestFilter.doFilter(OncePerRequestFilter.java:107)
	at org.apache.catalina.core.ApplicationFilterChain.internalDoFilter(ApplicationFilterChain.java:193)
	at org.apache.catalina.core.ApplicationFilterChain.doFilter(ApplicationFilterChain.java:166)
	at org.springframework.web.filter.FormContentFilter.doFilterInternal(FormContentFilter.java:92)
	at org.springframework.web.filter.OncePerRequestFilter.doFilter(OncePerRequestFilter.java:107)
	at org.apache.catalina.core.ApplicationFilterChain.internalDoFilter(ApplicationFilterChain.java:193)
	at org.apache.catalina.core.ApplicationFilterChain.doFilter(ApplicationFilterChain.java:166)
	at org.springframework.web.filter.HiddenHttpMethodFilter.doFilterInternal(HiddenHttpMethodFilter.java:93)
	at org.springframework.web.filter.OncePerRequestFilter.doFilter(OncePerRequestFilter.java:107)
	at org.apache.catalina.core.ApplicationFilterChain.internalDoFilter(ApplicationFilterChain.java:193)
	at org.apache.catalina.core.ApplicationFilterChain.doFilter(ApplicationFilterChain.java:166)
	at org.springframework.web.filter.CharacterEncodingFilter.doFilterInternal(CharacterEncodingFilter.java:200)
	at org.springframework.web.filter.OncePerRequestFilter.doFilter(OncePerRequestFilter.java:107)
	at org.apache.catalina.core.ApplicationFilterChain.internalDoFilter(ApplicationFilterChain.java:193)
	at org.apache.catalina.core.ApplicationFilterChain.doFilter(ApplicationFilterChain.java:166)
	at org.apache.catalina.core.StandardWrapperValve.invoke(StandardWrapperValve.java:200)
	at org.apache.catalina.core.StandardContextValve.invoke(StandardContextValve.java:96)
	at org.apache.catalina.authenticator.AuthenticatorBase.invoke(AuthenticatorBase.java:490)
	at org.apache.catalina.core.StandardHostValve.invoke(StandardHostValve.java:139)
	at org.apache.catalina.valves.ErrorReportValve.invoke(ErrorReportValve.java:92)
	at org.apache.catalina.core.StandardEngineValve.invoke(StandardEngineValve.java:74)
	at org.apache.catalina.connector.CoyoteAdapter.service(CoyoteAdapter.java:343)
	at org.apache.coyote.http11.Http11Processor.service(Http11Processor.java:408)
	at org.apache.coyote.AbstractProcessorLight.process(AbstractProcessorLight.java:66)
	at org.apache.coyote.AbstractProtocol$ConnectionHandler.process(AbstractProtocol.java:834)
	at org.apache.tomcat.util.net.NioEndpoint$SocketProcessor.doRun(NioEndpoint.java:1415)
	at org.apache.tomcat.util.net.SocketProcessorBase.run(SocketProcessorBase.java:49)
	at java.base/java.util.concurrent.ThreadPoolExecutor.runWorker(ThreadPoolExecutor.java:1128)
	at java.base/java.util.concurrent.ThreadPoolExecutor$Worker.run(ThreadPoolExecutor.java:628)
	at org.apache.tomcat.util.threads.TaskThread$WrappingRunnable.run(TaskThread.java:61)
	at java.base/java.lang.Thread.run(Thread.java:834)

2019-09-03 10:53:48.138  INFO 8191 --- [http-nio-8080-exec-3] com.routeplanner.ctrl.LoginController    : logging from tomcat with slf4j - current location: /Users/paulbickell/Documents/JavaWorkspace1/ReadOnlySpringMvcRoutePlanner
2019-09-03 10:53:48.138  INFO 8191 --- [http-nio-8080-exec-3] com.routeplanner.ctrl.LoginController    : in the get request for login
2019-09-03 10:53:48.138  INFO 8191 --- [http-nio-8080-exec-3] com.routeplanner.ctrl.LoginController    : check new user role is user: role.level.user
2019-09-03 10:53:48.138  INFO 8191 --- [http-nio-8080-exec-3] com.routeplanner.ctrl.LoginController    : working with database:  Some database name input
2019-09-03 10:53:55.544  INFO 8191 --- [http-nio-8080-exec-5] com.routeplanner.ctrl.LoginController    : Dealing with login request
2019-09-03 10:53:55.545  INFO 8191 --- [http-nio-8080-exec-5] com.routeplanner.ctrl.LoginController    : Attempting to retrieve user 'Paul' from database
2019-09-03 10:53:55.554  INFO 8191 --- [http-nio-8080-exec-5] com.routeplanner.ctrl.LoginController    : user has been retrieved successfully from db
2019-09-03 10:53:55.554  INFO 8191 --- [http-nio-8080-exec-5] com.routeplanner.ctrl.LoginController    : User found in database with username = 'Paul', and role 'role.level.admin'
2019-09-03 10:53:58.537  INFO 8191 --- [http-nio-8080-exec-6] com.routeplanner.ctrl.QueryController    : Finding requested travel info. Start:   Destination: 
2019-09-03 10:53:58.538  INFO 8191 --- [http-nio-8080-exec-6] com.routeplanner.engine.RoutePlanner     : Route Planner has been set up successfully......
2019-09-03 10:53:58.538  INFO 8191 --- [http-nio-8080-exec-6] c.r.client.service.TravelInfoService     : Invalid Station

2019-09-03 10:53:58.538  INFO 8191 --- [http-nio-8080-exec-6] c.r.client.service.TravelInfoService     : Either the start or destination is not an actual station. Please try again.
2019-09-03 10:54:12.409  INFO 8191 --- [http-nio-8080-exec-8] com.routeplanner.ctrl.QueryController    : Finding requested travel info. Start: Angel  Destination: Brixton
2019-09-03 10:54:12.409  INFO 8191 --- [http-nio-8080-exec-8] com.routeplanner.engine.RoutePlanner     : Route Planner has been set up successfully......
2019-09-03 10:54:12.410  INFO 8191 --- [http-nio-8080-exec-8] c.r.client.service.TravelInfoService     : Journey Display:  
Start  Angel
End    Brixton
From Angel take the Northern to Bank for 3 stops.
From Bank take the Waterloo and City to Waterloo for 1 stop.
From Waterloo take the Northern to Stockwell for 3 stops.
From Stockwell take the Victoria to Brixton for 1 stop.
Changes = 3
Total stops = 8


2019-09-03 10:54:12.410  INFO 8191 --- [http-nio-8080-exec-8] com.routeplanner.ctrl.QueryController    : current query route info: 
Start  Angel
End    Brixton
From Angel take the Northern to Bank for 3 stops.
From Bank take the Waterloo and City to Waterloo for 1 stop.
From Waterloo take the Northern to Stockwell for 3 stops.
From Stockwell take the Victoria to Brixton for 1 stop.
Changes = 3
Total stops = 8


2019-09-03 10:54:16.963  INFO 8191 --- [http-nio-8080-exec-9] com.routeplanner.ctrl.QueryController    : Finding requested travel info. Start: Angel  Destination: Chorleywood
2019-09-03 10:54:16.963  INFO 8191 --- [http-nio-8080-exec-9] com.routeplanner.engine.RoutePlanner     : Route Planner has been set up successfully......
2019-09-03 10:54:16.965  INFO 8191 --- [http-nio-8080-exec-9] c.r.client.service.TravelInfoService     : Journey Display:  
Start  Angel
End    Chorleywood
From Angel take the Northern to King's Cross St. Pancras for 1 stop.
From King's Cross St. Pancras take the Metropolitan to Chorleywood for 15 stops.
Changes = 1
Total stops = 16


2019-09-03 10:54:16.965  INFO 8191 --- [http-nio-8080-exec-9] com.routeplanner.ctrl.QueryController    : current query route info: 
Start  Angel
End    Chorleywood
From Angel take the Northern to King's Cross St. Pancras for 1 stop.
From King's Cross St. Pancras take the Metropolitan to Chorleywood for 15 stops.
Changes = 1
Total stops = 16


2019-09-03 10:54:19.734  INFO 8191 --- [http-nio-8080-exec-10] com.routeplanner.ctrl.QueryController    : Finding requested travel info. Start: Angel  Destination: Clapham North
2019-09-03 10:54:19.734  INFO 8191 --- [http-nio-8080-exec-10] com.routeplanner.engine.RoutePlanner     : Route Planner has been set up successfully......
2019-09-03 10:54:19.734  INFO 8191 --- [http-nio-8080-exec-10] c.r.client.service.TravelInfoService     : Journey Display:  
Start  Angel
End    Clapham North
From Angel take the Northern to Bank for 3 stops.
From Bank take the Waterloo and City to Waterloo for 1 stop.
From Waterloo take the Northern to Clapham North for 4 stops.
Changes = 2
Total stops = 8


2019-09-03 10:54:19.734  INFO 8191 --- [http-nio-8080-exec-10] com.routeplanner.ctrl.QueryController    : current query route info: 
Start  Angel
End    Clapham North
From Angel take the Northern to Bank for 3 stops.
From Bank take the Waterloo and City to Waterloo for 1 stop.
From Waterloo take the Northern to Clapham North for 4 stops.
Changes = 2
Total stops = 8


2019-09-03 10:54:22.912  INFO 8191 --- [http-nio-8080-exec-2] com.routeplanner.ctrl.QueryController    : Finding requested travel info. Start: Angel  Destination: Deptford Bridge
2019-09-03 10:54:22.912  INFO 8191 --- [http-nio-8080-exec-2] com.routeplanner.engine.RoutePlanner     : Route Planner has been set up successfully......
2019-09-03 10:54:22.913  INFO 8191 --- [http-nio-8080-exec-2] c.r.client.service.TravelInfoService     : Journey Display:  
Start  Angel
End    Deptford Bridge
From Angel take the Northern to London Bridge for 4 stops.
From London Bridge take the Jubilee to Canary Wharf for 3 stops.
From Canary Wharf take the Docklands Light Railway to Deptford Bridge for 8 stops.
Changes = 2
Total stops = 15


2019-09-03 10:54:22.913  INFO 8191 --- [http-nio-8080-exec-2] com.routeplanner.ctrl.QueryController    : current query route info: 
Start  Angel
End    Deptford Bridge
From Angel take the Northern to London Bridge for 4 stops.
From London Bridge take the Jubilee to Canary Wharf for 3 stops.
From Canary Wharf take the Docklands Light Railway to Deptford Bridge for 8 stops.
Changes = 2
Total stops = 15


2019-09-03 10:54:26.756  INFO 8191 --- [http-nio-8080-exec-3] com.routeplanner.ctrl.QueryController    : Finding requested travel info. Start: Angel  Destination: Fairlop
2019-09-03 10:54:26.756  INFO 8191 --- [http-nio-8080-exec-3] com.routeplanner.engine.RoutePlanner     : Route Planner has been set up successfully......
2019-09-03 10:54:26.757  INFO 8191 --- [http-nio-8080-exec-3] c.r.client.service.TravelInfoService     : Journey Display:  
Start  Angel
End    Fairlop
From Angel take the Northern to Moorgate for 2 stops.
From Moorgate take the Hammersmith and City to Liverpool Street for 1 stop.
From Liverpool Street take the Central to Leytonstone for 5 stops.
From Leytonstone take the Central to Fairlop for 6 stops.
Changes = 3
Total stops = 14


Start  Angel
End    Fairlop
From Angel take the Northern to Moorgate for 2 stops.
From Moorgate take the Metropolitan to Liverpool Street for 1 stop.
From Liverpool Street take the Central to Leytonstone for 5 stops.
From Leytonstone take the Central to Fairlop for 6 stops.
Changes = 3
Total stops = 14


Start  Angel
End    Fairlop
From Angel take the Northern to Moorgate for 2 stops.
From Moorgate take the Circle to Liverpool Street for 1 stop.
From Liverpool Street take the Central to Leytonstone for 5 stops.
From Leytonstone take the Central to Fairlop for 6 stops.
Changes = 3
Total stops = 14


2019-09-03 10:54:26.757  INFO 8191 --- [http-nio-8080-exec-3] com.routeplanner.ctrl.QueryController    : current query route info: 
Start  Angel
End    Fairlop
From Angel take the Northern to Moorgate for 2 stops.
From Moorgate take the Hammersmith and City to Liverpool Street for 1 stop.
From Liverpool Street take the Central to Leytonstone for 5 stops.
From Leytonstone take the Central to Fairlop for 6 stops.
Changes = 3
Total stops = 14


Start  Angel
End    Fairlop
From Angel take the Northern to Moorgate for 2 stops.
From Moorgate take the Metropolitan to Liverpool Street for 1 stop.
From Liverpool Street take the Central to Leytonstone for 5 stops.
From Leytonstone take the Central to Fairlop for 6 stops.
Changes = 3
Total stops = 14


Start  Angel
End    Fairlop
From Angel take the Northern to Moorgate for 2 stops.
From Moorgate take the Circle to Liverpool Street for 1 stop.
From Liverpool Street take the Central to Leytonstone for 5 stops.
From Leytonstone take the Central to Fairlop for 6 stops.
Changes = 3
Total stops = 14


2019-09-03 10:55:06.648  INFO 8191 --- [http-nio-8080-exec-10] c.routeplanner.ctrl.CheckoutController   : go to checkout from basket page. Basket = Basket [tickets=null, user=null, radioButtonSelectedValue=null, open=false, id=0, getTickets()=null, getUser()=null, getRadioButtonSelectedValue()=null, isOpen()=false, getId()=0, getClass()=class com.routeplanner.shopping.Basket, hashCode()=1754582809, toString()=com.routeplanner.shopping.Basket@6894cf19]
2019-09-03 10:55:57.829  INFO 8191 --- [http-nio-8080-exec-3] c.routeplanner.ctrl.CheckoutController   : persisting contact details as part of this order process = ContactDetails [title=FrMr, fullname=John Smith, addressLine1=line1, addressLine2=line2, addressLine3=line3, city=Glasgow, regionOrState=Blar blar, country=Scotland, email=asdasd@sdf.com, mobileTel=07867567456, homeTel=07867567345, officeTel=null, id=0, getTitle()=FrMr, getAddressLine1()=line1, getAddressLine2()=line2, getAddressLine3()=line3, getCity()=Glasgow, getRegionOrState()=Blar blar, getCountry()=Scotland, getEmail()=asdasd@sdf.com, getMobileTel()=07867567456, getHomeTel()=07867567345, getOfficeTel()=null, getFullname()=John Smith, getId()=0, getClass()=class com.routeplanner.shopping.ContactDetails, hashCode()=1605831162, toString()=com.routeplanner.shopping.ContactDetails@5fb709fa]
2019-09-03 10:56:30.818  INFO 8191 --- [http-nio-8080-exec-4] c.routeplanner.ctrl.CheckoutController   : payment info added by user (excludes contact info): PaymentInfo [nameOnCard=Mr J Smith, cardType=VISA_CREDIT, cardNumber=6666777788889999, securityCode=666, expiry_date=2019-04-28, valid_from=2019-09-19, getCardType()=VISA_CREDIT, getCardNumber()=6666777788889999, getSecurityCode()=666, getExpiry_date()=2019-04-28, getValid_from()=2019-09-19, getNameOnCard()=Mr J Smith, getId()=6, getClass()=class com.routeplanner.shopping.PaymentInfo, hashCode()=222621344, toString()=com.routeplanner.shopping.PaymentInfo@d44eea0]
2019-09-03 10:56:30.818  INFO 8191 --- [http-nio-8080-exec-4] c.routeplanner.ctrl.CheckoutController   : persisted payment info in full: PaymentInfo [nameOnCard=Mr J Smith, cardType=VISA_CREDIT, cardNumber=6666777788889999, securityCode=666, expiry_date=2019-04-28, valid_from=2019-09-19, getCardType()=VISA_CREDIT, getCardNumber()=6666777788889999, getSecurityCode()=666, getExpiry_date()=2019-04-28, getValid_from()=2019-09-19, getNameOnCard()=Mr J Smith, getId()=6, getClass()=class com.routeplanner.shopping.PaymentInfo, hashCode()=222621344, toString()=com.routeplanner.shopping.PaymentInfo@d44eea0]
